{"/home/nicom/rithm/exercises/week-seven/express-messagely/app.js": {"path":"/home/nicom/rithm/exercises/week-seven/express-messagely/app.js","statementMap":{"0":{"start":{"line":6,"column":16},"end":{"line":6,"column":34}},"1":{"start":{"line":7,"column":13},"end":{"line":7,"column":28}},"2":{"start":{"line":8,"column":28},"end":{"line":8,"column":56}},"3":{"start":{"line":10,"column":26},"end":{"line":10,"column":51}},"4":{"start":{"line":11,"column":12},"end":{"line":11,"column":25}},"5":{"start":{"line":14,"column":0},"end":{"line":14,"column":24}},"6":{"start":{"line":15,"column":0},"end":{"line":15,"column":30}},"7":{"start":{"line":18,"column":0},"end":{"line":18,"column":16}},"8":{"start":{"line":21,"column":0},"end":{"line":21,"column":25}},"9":{"start":{"line":25,"column":19},"end":{"line":25,"column":43}},"10":{"start":{"line":26,"column":19},"end":{"line":26,"column":44}},"11":{"start":{"line":27,"column":22},"end":{"line":27,"column":50}},"12":{"start":{"line":29,"column":0},"end":{"line":29,"column":29}},"13":{"start":{"line":30,"column":0},"end":{"line":30,"column":30}},"14":{"start":{"line":31,"column":0},"end":{"line":31,"column":36}},"15":{"start":{"line":35,"column":0},"end":{"line":37,"column":3}},"16":{"start":{"line":36,"column":2},"end":{"line":36,"column":28}},"17":{"start":{"line":40,"column":0},"end":{"line":45,"column":3}},"18":{"start":{"line":41,"column":17},"end":{"line":41,"column":34}},"19":{"start":{"line":42,"column":18},"end":{"line":42,"column":29}},"20":{"start":{"line":43,"column":2},"end":{"line":43,"column":72}},"21":{"start":{"line":43,"column":39},"end":{"line":43,"column":72}},"22":{"start":{"line":44,"column":2},"end":{"line":44,"column":65}},"23":{"start":{"line":50,"column":0},"end":{"line":50,"column":21}}},"fnMap":{"0":{"name":"(anonymous_0)","decl":{"start":{"line":35,"column":8},"end":{"line":35,"column":9}},"loc":{"start":{"line":35,"column":34},"end":{"line":37,"column":1}},"line":35},"1":{"name":"(anonymous_1)","decl":{"start":{"line":40,"column":8},"end":{"line":40,"column":9}},"loc":{"start":{"line":40,"column":39},"end":{"line":45,"column":1}},"line":40}},"branchMap":{"0":{"loc":{"start":{"line":41,"column":17},"end":{"line":41,"column":34}},"type":"binary-expr","locations":[{"start":{"line":41,"column":17},"end":{"line":41,"column":27}},{"start":{"line":41,"column":31},"end":{"line":41,"column":34}}],"line":41},"1":{"loc":{"start":{"line":43,"column":2},"end":{"line":43,"column":72}},"type":"if","locations":[{"start":{"line":43,"column":2},"end":{"line":43,"column":72}},{"start":{},"end":{}}],"line":43}},"s":{"0":2,"1":2,"2":2,"3":2,"4":2,"5":2,"6":2,"7":2,"8":2,"9":2,"10":2,"11":2,"12":2,"13":2,"14":2,"15":2,"16":0,"17":2,"18":5,"19":5,"20":5,"21":0,"22":5,"23":2},"f":{"0":0,"1":5},"b":{"0":[5,0],"1":[0,5]},"_coverageSchema":"1a1c01bbd47fc00a2c39e90264f33305004495a9","hash":"f475946ca951a815ddfb1568d25b0a87ca76786d"}
,"/home/nicom/rithm/exercises/week-seven/express-messagely/config.js": {"path":"/home/nicom/rithm/exercises/week-seven/express-messagely/config.js","statementMap":{"0":{"start":{"line":7,"column":0},"end":{"line":7,"column":27}},"1":{"start":{"line":15,"column":15},"end":{"line":17,"column":50}},"2":{"start":{"line":19,"column":19},"end":{"line":19,"column":53}},"3":{"start":{"line":21,"column":27},"end":{"line":21,"column":29}},"4":{"start":{"line":24,"column":0},"end":{"line":28,"column":2}}},"fnMap":{},"branchMap":{"0":{"loc":{"start":{"line":15,"column":15},"end":{"line":17,"column":50}},"type":"cond-expr","locations":[{"start":{"line":16,"column":4},"end":{"line":16,"column":55}},{"start":{"line":17,"column":4},"end":{"line":17,"column":50}}],"line":15},"1":{"loc":{"start":{"line":19,"column":19},"end":{"line":19,"column":53}},"type":"binary-expr","locations":[{"start":{"line":19,"column":19},"end":{"line":19,"column":41}},{"start":{"line":19,"column":45},"end":{"line":19,"column":53}}],"line":19}},"s":{"0":4,"1":4,"2":4,"3":4,"4":4},"f":{},"b":{"0":[4,0],"1":[4,0]},"_coverageSchema":"1a1c01bbd47fc00a2c39e90264f33305004495a9","hash":"1a2d0986715a6d14602ae2f5b53dd0e98b50ca88"}
,"/home/nicom/rithm/exercises/week-seven/express-messagely/db.js": {"path":"/home/nicom/rithm/exercises/week-seven/express-messagely/db.js","statementMap":{"0":{"start":{"line":6,"column":19},"end":{"line":6,"column":32}},"1":{"start":{"line":7,"column":19},"end":{"line":7,"column":38}},"2":{"start":{"line":9,"column":11},"end":{"line":9,"column":29}},"3":{"start":{"line":11,"column":0},"end":{"line":11,"column":13}},"4":{"start":{"line":14,"column":0},"end":{"line":14,"column":20}}},"fnMap":{},"branchMap":{},"s":{"0":4,"1":4,"2":4,"3":4,"4":4},"f":{},"b":{},"_coverageSchema":"1a1c01bbd47fc00a2c39e90264f33305004495a9","hash":"0a96c99605dc46828874950f27106056bb6f6a37"}
,"/home/nicom/rithm/exercises/week-seven/express-messagely/expressError.js": {"path":"/home/nicom/rithm/exercises/week-seven/express-messagely/expressError.js","statementMap":{"0":{"start":{"line":9,"column":4},"end":{"line":9,"column":12}},"1":{"start":{"line":10,"column":4},"end":{"line":10,"column":27}},"2":{"start":{"line":11,"column":4},"end":{"line":11,"column":25}},"3":{"start":{"line":19,"column":4},"end":{"line":19,"column":24}},"4":{"start":{"line":27,"column":4},"end":{"line":27,"column":24}},"5":{"start":{"line":35,"column":4},"end":{"line":35,"column":24}},"6":{"start":{"line":43,"column":4},"end":{"line":43,"column":24}},"7":{"start":{"line":47,"column":0},"end":{"line":53,"column":2}}},"fnMap":{"0":{"name":"(anonymous_0)","decl":{"start":{"line":8,"column":2},"end":{"line":8,"column":3}},"loc":{"start":{"line":8,"column":31},"end":{"line":12,"column":3}},"line":8},"1":{"name":"(anonymous_1)","decl":{"start":{"line":18,"column":2},"end":{"line":18,"column":3}},"loc":{"start":{"line":18,"column":37},"end":{"line":20,"column":3}},"line":18},"2":{"name":"(anonymous_2)","decl":{"start":{"line":26,"column":2},"end":{"line":26,"column":3}},"loc":{"start":{"line":26,"column":40},"end":{"line":28,"column":3}},"line":26},"3":{"name":"(anonymous_3)","decl":{"start":{"line":34,"column":2},"end":{"line":34,"column":3}},"loc":{"start":{"line":34,"column":39},"end":{"line":36,"column":3}},"line":34},"4":{"name":"(anonymous_4)","decl":{"start":{"line":42,"column":2},"end":{"line":42,"column":3}},"loc":{"start":{"line":42,"column":39},"end":{"line":44,"column":3}},"line":42}},"branchMap":{"0":{"loc":{"start":{"line":18,"column":14},"end":{"line":18,"column":35}},"type":"default-arg","locations":[{"start":{"line":18,"column":24},"end":{"line":18,"column":35}}],"line":18},"1":{"loc":{"start":{"line":26,"column":14},"end":{"line":26,"column":38}},"type":"default-arg","locations":[{"start":{"line":26,"column":24},"end":{"line":26,"column":38}}],"line":26},"2":{"loc":{"start":{"line":34,"column":14},"end":{"line":34,"column":37}},"type":"default-arg","locations":[{"start":{"line":34,"column":24},"end":{"line":34,"column":37}}],"line":34},"3":{"loc":{"start":{"line":42,"column":14},"end":{"line":42,"column":37}},"type":"default-arg","locations":[{"start":{"line":42,"column":24},"end":{"line":42,"column":37}}],"line":42}},"s":{"0":5,"1":5,"2":5,"3":0,"4":5,"5":0,"6":0,"7":4},"f":{"0":5,"1":0,"2":5,"3":0,"4":0},"b":{"0":[0],"1":[3],"2":[0],"3":[0]},"_coverageSchema":"1a1c01bbd47fc00a2c39e90264f33305004495a9","hash":"6ea16feaf1b3bca03382c2e48ce4829dfc354169"}
,"/home/nicom/rithm/exercises/week-seven/express-messagely/middleware/auth.js": {"path":"/home/nicom/rithm/exercises/week-seven/express-messagely/middleware/auth.js","statementMap":{"0":{"start":{"line":5,"column":12},"end":{"line":5,"column":35}},"1":{"start":{"line":7,"column":23},"end":{"line":7,"column":43}},"2":{"start":{"line":8,"column":30},"end":{"line":8,"column":56}},"3":{"start":{"line":14,"column":2},"end":{"line":22,"column":3}},"4":{"start":{"line":15,"column":29},"end":{"line":15,"column":64}},"5":{"start":{"line":16,"column":20},"end":{"line":16,"column":60}},"6":{"start":{"line":17,"column":4},"end":{"line":17,"column":30}},"7":{"start":{"line":18,"column":4},"end":{"line":18,"column":18}},"8":{"start":{"line":21,"column":4},"end":{"line":21,"column":18}},"9":{"start":{"line":28,"column":2},"end":{"line":36,"column":3}},"10":{"start":{"line":29,"column":4},"end":{"line":33,"column":5}},"11":{"start":{"line":30,"column":6},"end":{"line":30,"column":36}},"12":{"start":{"line":32,"column":6},"end":{"line":32,"column":20}},"13":{"start":{"line":35,"column":4},"end":{"line":35,"column":21}},"14":{"start":{"line":42,"column":2},"end":{"line":51,"column":3}},"15":{"start":{"line":43,"column":4},"end":{"line":48,"column":5}},"16":{"start":{"line":45,"column":6},"end":{"line":45,"column":36}},"17":{"start":{"line":47,"column":6},"end":{"line":47,"column":20}},"18":{"start":{"line":50,"column":4},"end":{"line":50,"column":21}},"19":{"start":{"line":57,"column":2},"end":{"line":62,"column":3}},"20":{"start":{"line":59,"column":4},"end":{"line":59,"column":11}},"21":{"start":{"line":61,"column":4},"end":{"line":61,"column":34}},"22":{"start":{"line":67,"column":2},"end":{"line":71,"column":3}},"23":{"start":{"line":68,"column":4},"end":{"line":68,"column":11}},"24":{"start":{"line":70,"column":4},"end":{"line":70,"column":34}},"25":{"start":{"line":74,"column":0},"end":{"line":80,"column":2}}},"fnMap":{"0":{"name":"authenticateJWT","decl":{"start":{"line":13,"column":9},"end":{"line":13,"column":24}},"loc":{"start":{"line":13,"column":41},"end":{"line":23,"column":1}},"line":13},"1":{"name":"ensureLoggedIn","decl":{"start":{"line":27,"column":9},"end":{"line":27,"column":23}},"loc":{"start":{"line":27,"column":40},"end":{"line":37,"column":1}},"line":27},"2":{"name":"ensureCorrectUser","decl":{"start":{"line":41,"column":9},"end":{"line":41,"column":26}},"loc":{"start":{"line":41,"column":43},"end":{"line":52,"column":1}},"line":41},"3":{"name":"ensureSenderOrRecipient","decl":{"start":{"line":56,"column":9},"end":{"line":56,"column":32}},"loc":{"start":{"line":56,"column":43},"end":{"line":63,"column":1}},"line":56},"4":{"name":"ensureRecipient","decl":{"start":{"line":66,"column":9},"end":{"line":66,"column":24}},"loc":{"start":{"line":66,"column":35},"end":{"line":72,"column":1}},"line":66}},"branchMap":{"0":{"loc":{"start":{"line":15,"column":29},"end":{"line":15,"column":64}},"type":"binary-expr","locations":[{"start":{"line":15,"column":29},"end":{"line":15,"column":45}},{"start":{"line":15,"column":49},"end":{"line":15,"column":64}}],"line":15},"1":{"loc":{"start":{"line":29,"column":4},"end":{"line":33,"column":5}},"type":"if","locations":[{"start":{"line":29,"column":4},"end":{"line":33,"column":5}},{"start":{"line":31,"column":11},"end":{"line":33,"column":5}}],"line":29},"2":{"loc":{"start":{"line":43,"column":4},"end":{"line":48,"column":5}},"type":"if","locations":[{"start":{"line":43,"column":4},"end":{"line":48,"column":5}},{"start":{"line":46,"column":11},"end":{"line":48,"column":5}}],"line":43},"3":{"loc":{"start":{"line":43,"column":8},"end":{"line":44,"column":56}},"type":"binary-expr","locations":[{"start":{"line":43,"column":8},"end":{"line":43,"column":24}},{"start":{"line":44,"column":8},"end":{"line":44,"column":56}}],"line":43},"4":{"loc":{"start":{"line":57,"column":2},"end":{"line":62,"column":3}},"type":"if","locations":[{"start":{"line":57,"column":2},"end":{"line":62,"column":3}},{"start":{"line":60,"column":9},"end":{"line":62,"column":3}}],"line":57},"5":{"loc":{"start":{"line":57,"column":6},"end":{"line":58,"column":68}},"type":"binary-expr","locations":[{"start":{"line":57,"column":6},"end":{"line":57,"column":72}},{"start":{"line":58,"column":4},"end":{"line":58,"column":68}}],"line":57},"6":{"loc":{"start":{"line":67,"column":2},"end":{"line":71,"column":3}},"type":"if","locations":[{"start":{"line":67,"column":2},"end":{"line":71,"column":3}},{"start":{"line":69,"column":9},"end":{"line":71,"column":3}}],"line":67}},"s":{"0":2,"1":2,"2":2,"3":11,"4":11,"5":11,"6":7,"7":7,"8":4,"9":1,"10":1,"11":0,"12":1,"13":0,"14":6,"15":6,"16":3,"17":3,"18":3,"19":0,"20":0,"21":0,"22":0,"23":0,"24":0,"25":2},"f":{"0":11,"1":1,"2":6,"3":0,"4":0},"b":{"0":[11,4],"1":[0,1],"2":[3,3],"3":[6,6],"4":[0,0],"5":[0,0],"6":[0,0]},"_coverageSchema":"1a1c01bbd47fc00a2c39e90264f33305004495a9","hash":"479fdcaec756a08c1882b41f1516a1e3760db464"}
,"/home/nicom/rithm/exercises/week-seven/express-messagely/models/message.js": {"path":"/home/nicom/rithm/exercises/week-seven/express-messagely/models/message.js","statementMap":{"0":{"start":{"line":5,"column":26},"end":{"line":5,"column":52}},"1":{"start":{"line":6,"column":11},"end":{"line":6,"column":27}},"2":{"start":{"line":17,"column":19},"end":{"line":25,"column":43}},"3":{"start":{"line":27,"column":4},"end":{"line":27,"column":26}},"4":{"start":{"line":39,"column":19},"end":{"line":44,"column":13}},"5":{"start":{"line":45,"column":20},"end":{"line":45,"column":34}},"6":{"start":{"line":47,"column":4},"end":{"line":47,"column":68}},"7":{"start":{"line":47,"column":18},"end":{"line":47,"column":68}},"8":{"start":{"line":49,"column":4},"end":{"line":49,"column":19}},"9":{"start":{"line":61,"column":19},"end":{"line":78,"column":13}},"10":{"start":{"line":80,"column":12},"end":{"line":80,"column":26}},"11":{"start":{"line":82,"column":4},"end":{"line":82,"column":62}},"12":{"start":{"line":82,"column":12},"end":{"line":82,"column":62}},"13":{"start":{"line":84,"column":4},"end":{"line":101,"column":6}},"14":{"start":{"line":106,"column":0},"end":{"line":106,"column":25}}},"fnMap":{"0":{"name":"(anonymous_0)","decl":{"start":{"line":16,"column":2},"end":{"line":16,"column":3}},"loc":{"start":{"line":16,"column":60},"end":{"line":28,"column":3}},"line":16},"1":{"name":"(anonymous_1)","decl":{"start":{"line":38,"column":2},"end":{"line":38,"column":3}},"loc":{"start":{"line":38,"column":28},"end":{"line":50,"column":3}},"line":38},"2":{"name":"(anonymous_2)","decl":{"start":{"line":60,"column":2},"end":{"line":60,"column":3}},"loc":{"start":{"line":60,"column":23},"end":{"line":102,"column":3}},"line":60}},"branchMap":{"0":{"loc":{"start":{"line":47,"column":4},"end":{"line":47,"column":68}},"type":"if","locations":[{"start":{"line":47,"column":4},"end":{"line":47,"column":68}},{"start":{},"end":{}}],"line":47},"1":{"loc":{"start":{"line":82,"column":4},"end":{"line":82,"column":62}},"type":"if","locations":[{"start":{"line":82,"column":4},"end":{"line":82,"column":62}},{"start":{},"end":{}}],"line":82}},"s":{"0":4,"1":4,"2":26,"3":26,"4":1,"5":1,"6":1,"7":0,"8":1,"9":1,"10":1,"11":1,"12":0,"13":1,"14":4},"f":{"0":26,"1":1,"2":1},"b":{"0":[0,1],"1":[0,1]},"_coverageSchema":"1a1c01bbd47fc00a2c39e90264f33305004495a9","hash":"52cc28b9b1cadf865bb386c3d235c81335254834"}
,"/home/nicom/rithm/exercises/week-seven/express-messagely/models/user.js": {"path":"/home/nicom/rithm/exercises/week-seven/express-messagely/models/user.js","statementMap":{"0":{"start":{"line":3,"column":11},"end":{"line":3,"column":27}},"1":{"start":{"line":4,"column":15},"end":{"line":4,"column":32}},"2":{"start":{"line":5,"column":31},"end":{"line":5,"column":51}},"3":{"start":{"line":6,"column":26},"end":{"line":6,"column":52}},"4":{"start":{"line":15,"column":21},"end":{"line":15,"column":68}},"5":{"start":{"line":18,"column":20},"end":{"line":35,"column":5}},"6":{"start":{"line":37,"column":4},"end":{"line":37,"column":27}},"7":{"start":{"line":43,"column":20},"end":{"line":48,"column":5}},"8":{"start":{"line":50,"column":17},"end":{"line":50,"column":32}},"9":{"start":{"line":53,"column":4},"end":{"line":53,"column":74}},"10":{"start":{"line":58,"column":4},"end":{"line":64,"column":6}},"11":{"start":{"line":71,"column":20},"end":{"line":78,"column":5}},"12":{"start":{"line":80,"column":4},"end":{"line":80,"column":24}},"13":{"start":{"line":93,"column":20},"end":{"line":104,"column":5}},"14":{"start":{"line":106,"column":4},"end":{"line":106,"column":75}},"15":{"start":{"line":106,"column":26},"end":{"line":106,"column":75}},"16":{"start":{"line":108,"column":4},"end":{"line":108,"column":27}},"17":{"start":{"line":120,"column":27},"end":{"line":135,"column":5}},"18":{"start":{"line":137,"column":4},"end":{"line":138,"column":42}},"19":{"start":{"line":137,"column":33},"end":{"line":138,"column":42}},"20":{"start":{"line":140,"column":21},"end":{"line":153,"column":6}},"21":{"start":{"line":141,"column":6},"end":{"line":152,"column":7}},"22":{"start":{"line":155,"column":4},"end":{"line":155,"column":20}},"23":{"start":{"line":167,"column":27},"end":{"line":182,"column":5}},"24":{"start":{"line":184,"column":4},"end":{"line":185,"column":42}},"25":{"start":{"line":184,"column":33},"end":{"line":185,"column":42}},"26":{"start":{"line":187,"column":21},"end":{"line":200,"column":6}},"27":{"start":{"line":188,"column":6},"end":{"line":199,"column":7}},"28":{"start":{"line":202,"column":4},"end":{"line":202,"column":20}},"29":{"start":{"line":206,"column":0},"end":{"line":206,"column":22}}},"fnMap":{"0":{"name":"(anonymous_0)","decl":{"start":{"line":14,"column":2},"end":{"line":14,"column":3}},"loc":{"start":{"line":14,"column":78},"end":{"line":38,"column":3}},"line":14},"1":{"name":"(anonymous_1)","decl":{"start":{"line":42,"column":2},"end":{"line":42,"column":3}},"loc":{"start":{"line":42,"column":50},"end":{"line":54,"column":3}},"line":42},"2":{"name":"(anonymous_2)","decl":{"start":{"line":57,"column":2},"end":{"line":57,"column":3}},"loc":{"start":{"line":57,"column":46},"end":{"line":65,"column":3}},"line":57},"3":{"name":"(anonymous_3)","decl":{"start":{"line":70,"column":2},"end":{"line":70,"column":3}},"loc":{"start":{"line":70,"column":21},"end":{"line":81,"column":3}},"line":70},"4":{"name":"(anonymous_4)","decl":{"start":{"line":92,"column":2},"end":{"line":92,"column":3}},"loc":{"start":{"line":92,"column":29},"end":{"line":109,"column":3}},"line":92},"5":{"name":"(anonymous_5)","decl":{"start":{"line":119,"column":2},"end":{"line":119,"column":3}},"loc":{"start":{"line":119,"column":38},"end":{"line":156,"column":3}},"line":119},"6":{"name":"(anonymous_6)","decl":{"start":{"line":140,"column":45},"end":{"line":140,"column":46}},"loc":{"start":{"line":140,"column":50},"end":{"line":153,"column":5}},"line":140},"7":{"name":"(anonymous_7)","decl":{"start":{"line":166,"column":2},"end":{"line":166,"column":3}},"loc":{"start":{"line":166,"column":36},"end":{"line":203,"column":3}},"line":166},"8":{"name":"(anonymous_8)","decl":{"start":{"line":187,"column":45},"end":{"line":187,"column":46}},"loc":{"start":{"line":187,"column":50},"end":{"line":200,"column":5}},"line":187}},"branchMap":{"0":{"loc":{"start":{"line":53,"column":11},"end":{"line":53,"column":73}},"type":"binary-expr","locations":[{"start":{"line":53,"column":11},"end":{"line":53,"column":15}},{"start":{"line":53,"column":19},"end":{"line":53,"column":73}}],"line":53},"1":{"loc":{"start":{"line":106,"column":4},"end":{"line":106,"column":75}},"type":"if","locations":[{"start":{"line":106,"column":4},"end":{"line":106,"column":75}},{"start":{},"end":{}}],"line":106},"2":{"loc":{"start":{"line":137,"column":4},"end":{"line":138,"column":42}},"type":"if","locations":[{"start":{"line":137,"column":4},"end":{"line":138,"column":42}},{"start":{},"end":{}}],"line":137},"3":{"loc":{"start":{"line":184,"column":4},"end":{"line":185,"column":42}},"type":"if","locations":[{"start":{"line":184,"column":4},"end":{"line":185,"column":42}},{"start":{},"end":{}}],"line":184}},"s":{"0":4,"1":4,"2":4,"3":4,"4":35,"5":35,"6":35,"7":5,"8":5,"9":5,"10":1,"11":2,"12":2,"13":4,"14":4,"15":0,"16":4,"17":2,"18":2,"19":0,"20":2,"21":2,"22":2,"23":2,"24":2,"25":0,"26":2,"27":2,"28":2,"29":4},"f":{"0":35,"1":5,"2":1,"3":2,"4":4,"5":2,"6":2,"7":2,"8":2},"b":{"0":[5,4],"1":[0,4],"2":[0,2],"3":[0,2]},"_coverageSchema":"1a1c01bbd47fc00a2c39e90264f33305004495a9","hash":"1be664c18b9d264f1ebc8659fe58543b000a27a3"}
,"/home/nicom/rithm/exercises/week-seven/express-messagely/routes/auth.js": {"path":"/home/nicom/rithm/exercises/week-seven/express-messagely/routes/auth.js","statementMap":{"0":{"start":{"line":4,"column":15},"end":{"line":4,"column":40}},"1":{"start":{"line":5,"column":15},"end":{"line":5,"column":27}},"2":{"start":{"line":6,"column":12},"end":{"line":6,"column":35}},"3":{"start":{"line":7,"column":13},"end":{"line":7,"column":38}},"4":{"start":{"line":8,"column":23},"end":{"line":8,"column":43}},"5":{"start":{"line":9,"column":47},"end":{"line":9,"column":73}},"6":{"start":{"line":13,"column":0},"end":{"line":24,"column":2}},"7":{"start":{"line":14,"column":2},"end":{"line":16,"column":3}},"8":{"start":{"line":15,"column":4},"end":{"line":15,"column":53}},"9":{"start":{"line":18,"column":2},"end":{"line":21,"column":3}},"10":{"start":{"line":19,"column":18},"end":{"line":19,"column":71}},"11":{"start":{"line":20,"column":4},"end":{"line":20,"column":31}},"12":{"start":{"line":23,"column":2},"end":{"line":23,"column":54}},"13":{"start":{"line":32,"column":0},"end":{"line":41,"column":3}},"14":{"start":{"line":33,"column":2},"end":{"line":35,"column":3}},"15":{"start":{"line":34,"column":4},"end":{"line":34,"column":53}},"16":{"start":{"line":37,"column":15},"end":{"line":37,"column":44}},"17":{"start":{"line":38,"column":16},"end":{"line":38,"column":65}},"18":{"start":{"line":40,"column":2},"end":{"line":40,"column":29}},"19":{"start":{"line":43,"column":0},"end":{"line":43,"column":24}}},"fnMap":{"0":{"name":"(anonymous_0)","decl":{"start":{"line":13,"column":22},"end":{"line":13,"column":23}},"loc":{"start":{"line":13,"column":54},"end":{"line":24,"column":1}},"line":13},"1":{"name":"(anonymous_1)","decl":{"start":{"line":32,"column":25},"end":{"line":32,"column":26}},"loc":{"start":{"line":32,"column":57},"end":{"line":41,"column":1}},"line":32}},"branchMap":{"0":{"loc":{"start":{"line":14,"column":2},"end":{"line":16,"column":3}},"type":"if","locations":[{"start":{"line":14,"column":2},"end":{"line":16,"column":3}},{"start":{},"end":{}}],"line":14},"1":{"loc":{"start":{"line":18,"column":2},"end":{"line":21,"column":3}},"type":"if","locations":[{"start":{"line":18,"column":2},"end":{"line":21,"column":3}},{"start":{},"end":{}}],"line":18},"2":{"loc":{"start":{"line":33,"column":2},"end":{"line":35,"column":3}},"type":"if","locations":[{"start":{"line":33,"column":2},"end":{"line":35,"column":3}},{"start":{},"end":{}}],"line":33}},"s":{"0":2,"1":2,"2":2,"3":2,"4":2,"5":2,"6":2,"7":3,"8":0,"9":3,"10":1,"11":1,"12":2,"13":2,"14":1,"15":0,"16":1,"17":1,"18":1,"19":2},"f":{"0":3,"1":1},"b":{"0":[0,3],"1":[1,2],"2":[0,1]},"_coverageSchema":"1a1c01bbd47fc00a2c39e90264f33305004495a9","hash":"48a1d61b4fbd02135b5f64a58756ca2ed5db0427"}
,"/home/nicom/rithm/exercises/week-seven/express-messagely/routes/messages.js": {"path":"/home/nicom/rithm/exercises/week-seven/express-messagely/routes/messages.js","statementMap":{"0":{"start":{"line":3,"column":15},"end":{"line":3,"column":40}},"1":{"start":{"line":4,"column":16},"end":{"line":4,"column":44}},"2":{"start":{"line":6,"column":2},"end":{"line":6,"column":31}},"3":{"start":{"line":7,"column":15},"end":{"line":7,"column":27}},"4":{"start":{"line":21,"column":0},"end":{"line":29,"column":2}},"5":{"start":{"line":22,"column":13},"end":{"line":22,"column":26}},"6":{"start":{"line":23,"column":18},"end":{"line":23,"column":39}},"7":{"start":{"line":25,"column":2},"end":{"line":25,"column":31}},"8":{"start":{"line":26,"column":2},"end":{"line":26,"column":36}},"9":{"start":{"line":28,"column":2},"end":{"line":28,"column":40}},"10":{"start":{"line":38,"column":0},"end":{"line":47,"column":2}},"11":{"start":{"line":39,"column":32},"end":{"line":39,"column":40}},"12":{"start":{"line":40,"column":18},"end":{"line":44,"column":4}},"13":{"start":{"line":46,"column":2},"end":{"line":46,"column":30}},"14":{"start":{"line":57,"column":0},"end":{"line":67,"column":2}},"15":{"start":{"line":58,"column":13},"end":{"line":58,"column":26}},"16":{"start":{"line":60,"column":18},"end":{"line":60,"column":39}},"17":{"start":{"line":61,"column":2},"end":{"line":61,"column":31}},"18":{"start":{"line":62,"column":2},"end":{"line":62,"column":28}},"19":{"start":{"line":64,"column":22},"end":{"line":64,"column":48}},"20":{"start":{"line":66,"column":2},"end":{"line":66,"column":43}},"21":{"start":{"line":70,"column":0},"end":{"line":70,"column":24}}},"fnMap":{"0":{"name":"(anonymous_0)","decl":{"start":{"line":21,"column":35},"end":{"line":21,"column":36}},"loc":{"start":{"line":21,"column":67},"end":{"line":29,"column":1}},"line":21},"1":{"name":"(anonymous_1)","decl":{"start":{"line":38,"column":33},"end":{"line":38,"column":34}},"loc":{"start":{"line":38,"column":65},"end":{"line":47,"column":1}},"line":38},"2":{"name":"(anonymous_2)","decl":{"start":{"line":57,"column":41},"end":{"line":57,"column":42}},"loc":{"start":{"line":57,"column":73},"end":{"line":67,"column":1}},"line":57}},"branchMap":{},"s":{"0":2,"1":2,"2":2,"3":2,"4":2,"5":0,"6":0,"7":0,"8":0,"9":0,"10":2,"11":0,"12":0,"13":0,"14":2,"15":0,"16":0,"17":0,"18":0,"19":0,"20":0,"21":2},"f":{"0":0,"1":0,"2":0},"b":{},"_coverageSchema":"1a1c01bbd47fc00a2c39e90264f33305004495a9","hash":"e099aa1e7cb3ef6b3e30d183610a0e43721c839f"}
,"/home/nicom/rithm/exercises/week-seven/express-messagely/routes/users.js": {"path":"/home/nicom/rithm/exercises/week-seven/express-messagely/routes/users.js","statementMap":{"0":{"start":{"line":3,"column":13},"end":{"line":3,"column":38}},"1":{"start":{"line":4,"column":46},"end":{"line":4,"column":75}},"2":{"start":{"line":5,"column":15},"end":{"line":5,"column":40}},"3":{"start":{"line":6,"column":15},"end":{"line":6,"column":27}},"4":{"start":{"line":14,"column":0},"end":{"line":18,"column":2}},"5":{"start":{"line":15,"column":16},"end":{"line":15,"column":32}},"6":{"start":{"line":17,"column":2},"end":{"line":17,"column":29}},"7":{"start":{"line":26,"column":0},"end":{"line":31,"column":2}},"8":{"start":{"line":27,"column":19},"end":{"line":27,"column":38}},"9":{"start":{"line":28,"column":15},"end":{"line":28,"column":39}},"10":{"start":{"line":30,"column":2},"end":{"line":30,"column":28}},"11":{"start":{"line":43,"column":0},"end":{"line":48,"column":2}},"12":{"start":{"line":44,"column":19},"end":{"line":44,"column":38}},"13":{"start":{"line":45,"column":19},"end":{"line":45,"column":50}},"14":{"start":{"line":47,"column":2},"end":{"line":47,"column":32}},"15":{"start":{"line":59,"column":0},"end":{"line":64,"column":2}},"16":{"start":{"line":60,"column":19},"end":{"line":60,"column":38}},"17":{"start":{"line":61,"column":19},"end":{"line":61,"column":52}},"18":{"start":{"line":63,"column":2},"end":{"line":63,"column":32}},"19":{"start":{"line":66,"column":0},"end":{"line":66,"column":24}}},"fnMap":{"0":{"name":"(anonymous_0)","decl":{"start":{"line":14,"column":32},"end":{"line":14,"column":33}},"loc":{"start":{"line":14,"column":64},"end":{"line":18,"column":1}},"line":14},"1":{"name":"(anonymous_1)","decl":{"start":{"line":26,"column":44},"end":{"line":26,"column":45}},"loc":{"start":{"line":26,"column":76},"end":{"line":31,"column":1}},"line":26},"2":{"name":"(anonymous_2)","decl":{"start":{"line":43,"column":47},"end":{"line":43,"column":48}},"loc":{"start":{"line":43,"column":79},"end":{"line":48,"column":1}},"line":43},"3":{"name":"(anonymous_3)","decl":{"start":{"line":59,"column":49},"end":{"line":59,"column":50}},"loc":{"start":{"line":59,"column":81},"end":{"line":64,"column":1}},"line":59}},"branchMap":{},"s":{"0":2,"1":2,"2":2,"3":2,"4":2,"5":1,"6":1,"7":2,"8":1,"9":1,"10":1,"11":2,"12":1,"13":1,"14":1,"15":2,"16":1,"17":1,"18":1,"19":2},"f":{"0":1,"1":1,"2":1,"3":1},"b":{},"_coverageSchema":"1a1c01bbd47fc00a2c39e90264f33305004495a9","hash":"516fc5ad7a1a9ce00feda4b71e86e4c5184b6abf"}
}
