TN:
SF:app.js
FN:35,(anonymous_0)
FN:40,(anonymous_1)
FNF:2
FNH:1
FNDA:0,(anonymous_0)
FNDA:5,(anonymous_1)
DA:6,2
DA:7,2
DA:8,2
DA:10,2
DA:11,2
DA:14,2
DA:15,2
DA:18,2
DA:21,2
DA:25,2
DA:26,2
DA:27,2
DA:29,2
DA:30,2
DA:31,2
DA:35,2
DA:36,0
DA:40,2
DA:41,5
DA:42,5
DA:43,5
DA:44,5
DA:50,2
LF:23
LH:22
BRDA:41,0,0,5
BRDA:41,0,1,0
BRDA:43,1,0,0
BRDA:43,1,1,5
BRF:4
BRH:2
end_of_record
TN:
SF:config.js
FNF:0
FNH:0
DA:7,4
DA:15,4
DA:19,4
DA:21,4
DA:24,4
LF:5
LH:5
BRDA:15,0,0,4
BRDA:15,0,1,0
BRDA:19,1,0,4
BRDA:19,1,1,0
BRF:4
BRH:2
end_of_record
TN:
SF:db.js
FNF:0
FNH:0
DA:6,4
DA:7,4
DA:9,4
DA:11,4
DA:14,4
LF:5
LH:5
BRF:0
BRH:0
end_of_record
TN:
SF:expressError.js
FN:8,(anonymous_0)
FN:18,(anonymous_1)
FN:26,(anonymous_2)
FN:34,(anonymous_3)
FN:42,(anonymous_4)
FNF:5
FNH:2
FNDA:5,(anonymous_0)
FNDA:0,(anonymous_1)
FNDA:5,(anonymous_2)
FNDA:0,(anonymous_3)
FNDA:0,(anonymous_4)
DA:9,5
DA:10,5
DA:11,5
DA:19,0
DA:27,5
DA:35,0
DA:43,0
DA:47,4
LF:8
LH:5
BRDA:18,0,0,0
BRDA:26,1,0,3
BRDA:34,2,0,0
BRDA:42,3,0,0
BRF:4
BRH:1
end_of_record
TN:
SF:middleware/auth.js
FN:13,authenticateJWT
FN:27,ensureLoggedIn
FN:41,ensureCorrectUser
FN:56,ensureSenderOrRecipient
FN:66,ensureRecipient
FNF:5
FNH:3
FNDA:11,authenticateJWT
FNDA:1,ensureLoggedIn
FNDA:6,ensureCorrectUser
FNDA:0,ensureSenderOrRecipient
FNDA:0,ensureRecipient
DA:5,2
DA:7,2
DA:8,2
DA:14,11
DA:15,11
DA:16,11
DA:17,7
DA:18,7
DA:21,4
DA:28,1
DA:29,1
DA:30,0
DA:32,1
DA:35,0
DA:42,6
DA:43,6
DA:45,3
DA:47,3
DA:50,3
DA:57,0
DA:59,0
DA:61,0
DA:67,0
DA:68,0
DA:70,0
DA:74,2
LF:26
LH:18
BRDA:15,0,0,11
BRDA:15,0,1,4
BRDA:29,1,0,0
BRDA:29,1,1,1
BRDA:43,2,0,3
BRDA:43,2,1,3
BRDA:43,3,0,6
BRDA:43,3,1,6
BRDA:57,4,0,0
BRDA:57,4,1,0
BRDA:57,5,0,0
BRDA:57,5,1,0
BRDA:67,6,0,0
BRDA:67,6,1,0
BRF:14
BRH:7
end_of_record
TN:
SF:models/message.js
FN:16,(anonymous_0)
FN:38,(anonymous_1)
FN:60,(anonymous_2)
FNF:3
FNH:3
FNDA:26,(anonymous_0)
FNDA:1,(anonymous_1)
FNDA:1,(anonymous_2)
DA:5,4
DA:6,4
DA:17,26
DA:27,26
DA:39,1
DA:45,1
DA:47,1
DA:49,1
DA:61,1
DA:80,1
DA:82,1
DA:84,1
DA:106,4
LF:13
LH:13
BRDA:47,0,0,0
BRDA:47,0,1,1
BRDA:82,1,0,0
BRDA:82,1,1,1
BRF:4
BRH:2
end_of_record
TN:
SF:models/user.js
FN:14,(anonymous_0)
FN:42,(anonymous_1)
FN:57,(anonymous_2)
FN:70,(anonymous_3)
FN:92,(anonymous_4)
FN:119,(anonymous_5)
FN:140,(anonymous_6)
FN:166,(anonymous_7)
FN:187,(anonymous_8)
FNF:9
FNH:9
FNDA:35,(anonymous_0)
FNDA:5,(anonymous_1)
FNDA:1,(anonymous_2)
FNDA:2,(anonymous_3)
FNDA:4,(anonymous_4)
FNDA:2,(anonymous_5)
FNDA:2,(anonymous_6)
FNDA:2,(anonymous_7)
FNDA:2,(anonymous_8)
DA:3,4
DA:4,4
DA:5,4
DA:6,4
DA:15,35
DA:18,35
DA:37,35
DA:43,5
DA:50,5
DA:53,5
DA:58,1
DA:71,2
DA:80,2
DA:93,4
DA:106,4
DA:108,4
DA:120,2
DA:137,2
DA:140,2
DA:141,2
DA:155,2
DA:167,2
DA:184,2
DA:187,2
DA:188,2
DA:202,2
DA:206,4
LF:27
LH:27
BRDA:53,0,0,5
BRDA:53,0,1,4
BRDA:106,1,0,0
BRDA:106,1,1,4
BRDA:137,2,0,0
BRDA:137,2,1,2
BRDA:184,3,0,0
BRDA:184,3,1,2
BRF:8
BRH:5
end_of_record
TN:
SF:routes/auth.js
FN:13,(anonymous_0)
FN:32,(anonymous_1)
FNF:2
FNH:2
FNDA:3,(anonymous_0)
FNDA:1,(anonymous_1)
DA:4,2
DA:5,2
DA:6,2
DA:7,2
DA:8,2
DA:9,2
DA:13,2
DA:14,3
DA:15,0
DA:18,3
DA:19,1
DA:20,1
DA:23,2
DA:32,2
DA:33,1
DA:34,0
DA:37,1
DA:38,1
DA:40,1
DA:43,2
LF:20
LH:18
BRDA:14,0,0,0
BRDA:14,0,1,3
BRDA:18,1,0,1
BRDA:18,1,1,2
BRDA:33,2,0,0
BRDA:33,2,1,1
BRF:6
BRH:4
end_of_record
TN:
SF:routes/messages.js
FN:21,(anonymous_0)
FN:38,(anonymous_1)
FN:57,(anonymous_2)
FNF:3
FNH:0
FNDA:0,(anonymous_0)
FNDA:0,(anonymous_1)
FNDA:0,(anonymous_2)
DA:3,2
DA:4,2
DA:6,2
DA:7,2
DA:21,2
DA:22,0
DA:23,0
DA:25,0
DA:26,0
DA:28,0
DA:38,2
DA:39,0
DA:40,0
DA:46,0
DA:57,2
DA:58,0
DA:60,0
DA:61,0
DA:62,0
DA:64,0
DA:66,0
DA:70,2
LF:22
LH:8
BRF:0
BRH:0
end_of_record
TN:
SF:routes/users.js
FN:14,(anonymous_0)
FN:26,(anonymous_1)
FN:43,(anonymous_2)
FN:59,(anonymous_3)
FNF:4
FNH:4
FNDA:1,(anonymous_0)
FNDA:1,(anonymous_1)
FNDA:1,(anonymous_2)
FNDA:1,(anonymous_3)
DA:3,2
DA:4,2
DA:5,2
DA:6,2
DA:14,2
DA:15,1
DA:17,1
DA:26,2
DA:27,1
DA:28,1
DA:30,1
DA:43,2
DA:44,1
DA:45,1
DA:47,1
DA:59,2
DA:60,1
DA:61,1
DA:63,1
DA:66,2
LF:20
LH:20
BRF:0
BRH:0
end_of_record
